native/synse-workout-activity/android/build/intermediates/manifest_merge_blame_file/debug/processDebugManifest/manifest-merger-blame-debug-report.txt
1<?xml version="1.0" encoding="utf-8"?>
2<!--
3  As permissões e o serviço são declarados no app, não aqui: é lá que a Play
4  Console lê a justificativa do `specialUse`, e duplicar produziria duas
5  declarações do mesmo serviço para o merge resolver.
6-->
7<manifest xmlns:android="http://schemas.android.com/apk/res/android"
8    package="com.synse.workout" >
9
10    <uses-sdk android:minSdkVersion="26" />
11
12</manifest>